<?xml version="1.0" encoding="UTF-8"?>
<!-- Generated by org.testng.reporters.JUnitReportReporter -->
<testsuite hostname="Vikass-Laptop.local" failures="0" tests="3" name="groupid1.artifact1.TestClass1" time="0.002" errors="0" timestamp="2024-08-31T15:07:55 IST" skipped="0">
  <testcase classname="groupid1.artifact1.TestClass1" name="test3" time="0.000"/>
  <testcase classname="groupid1.artifact1.TestClass1" name="test1" time="0.002"/>
  <testcase classname="groupid1.artifact1.TestClass1" name="test2" time="0.000"/>
</testsuite> <!-- groupid1.artifact1.TestClass1 -->
